<?xml version="1.0" encoding="UTF-8"?>
<coverage generated="1778597793">
  <project timestamp="1778597793" name="Clover Coverage">
    <package name="App\DTOs">
      <file name="/Users/teya2023/Downloads/OUAGA_CHAP/api/app/DTOs/CreateOrderDTO.php">
        <class name="App\DTOs\CreateOrderDTO" namespace="App\DTOs">
          <metrics complexity="6" methods="4" coveredmethods="4" conditionals="0" coveredconditionals="0" statements="55" coveredstatements="55" elements="59" coveredelements="59"/>
        </class>
        <line num="9" type="method" name="__construct" visibility="public" complexity="1" crap="1" count="5"/>
        <line num="26" type="stmt" count="5"/>
        <line num="28" type="method" name="fromRequest" visibility="public" complexity="2" crap="2" count="1"/>
        <line num="30" type="stmt" count="1"/>
        <line num="31" type="stmt" count="1"/>
        <line num="32" type="stmt" count="1"/>
        <line num="33" type="stmt" count="1"/>
        <line num="34" type="stmt" count="1"/>
        <line num="35" type="stmt" count="1"/>
        <line num="36" type="stmt" count="1"/>
        <line num="37" type="stmt" count="1"/>
        <line num="38" type="stmt" count="1"/>
        <line num="39" type="stmt" count="1"/>
        <line num="40" type="stmt" count="1"/>
        <line num="41" type="stmt" count="1"/>
        <line num="42" type="stmt" count="1"/>
        <line num="43" type="stmt" count="1"/>
        <line num="44" type="stmt" count="1"/>
        <line num="45" type="stmt" count="1"/>
        <line num="46" type="stmt" count="1"/>
        <line num="47" type="stmt" count="1"/>
        <line num="50" type="method" name="fromArray" visibility="public" complexity="2" crap="2" count="4"/>
        <line num="52" type="stmt" count="4"/>
        <line num="53" type="stmt" count="4"/>
        <line num="54" type="stmt" count="4"/>
        <line num="55" type="stmt" count="4"/>
        <line num="56" type="stmt" count="4"/>
        <line num="57" type="stmt" count="4"/>
        <line num="58" type="stmt" count="4"/>
        <line num="59" type="stmt" count="4"/>
        <line num="60" type="stmt" count="4"/>
        <line num="61" type="stmt" count="4"/>
        <line num="62" type="stmt" count="4"/>
        <line num="63" type="stmt" count="4"/>
        <line num="64" type="stmt" count="4"/>
        <line num="65" type="stmt" count="4"/>
        <line num="66" type="stmt" count="4"/>
        <line num="67" type="stmt" count="4"/>
        <line num="68" type="stmt" count="4"/>
        <line num="69" type="stmt" count="4"/>
        <line num="72" type="method" name="toArray" visibility="public" complexity="1" crap="1" count="1"/>
        <line num="74" type="stmt" count="1"/>
        <line num="75" type="stmt" count="1"/>
        <line num="76" type="stmt" count="1"/>
        <line num="77" type="stmt" count="1"/>
        <line num="78" type="stmt" count="1"/>
        <line num="79" type="stmt" count="1"/>
        <line num="80" type="stmt" count="1"/>
        <line num="81" type="stmt" count="1"/>
        <line num="82" type="stmt" count="1"/>
        <line num="83" type="stmt" count="1"/>
        <line num="84" type="stmt" count="1"/>
        <line num="85" type="stmt" count="1"/>
        <line num="86" type="stmt" count="1"/>
        <line num="87" type="stmt" count="1"/>
        <line num="88" type="stmt" count="1"/>
        <line num="89" type="stmt" count="1"/>
        <line num="90" type="stmt" count="1"/>
        <line num="91" type="stmt" count="1"/>
        <metrics loc="94" ncloc="94" classes="1" methods="4" coveredmethods="4" conditionals="0" coveredconditionals="0" statements="55" coveredstatements="55" elements="59" coveredelements="59"/>
      </file>
      <file name="/Users/teya2023/Downloads/OUAGA_CHAP/api/app/DTOs/PushNotificationDTO.php">
        <class name="App\DTOs\PushNotificationDTO" namespace="App\DTOs">
          <metrics complexity="16" methods="14" coveredmethods="14" conditionals="0" coveredconditionals="0" statements="155" coveredstatements="155" elements="169" coveredelements="169"/>
        </class>
        <line num="13" type="method" name="__construct" visibility="public" complexity="1" crap="1" count="45"/>
        <line num="23" type="stmt" count="45"/>
        <line num="28" type="method" name="forOrderCreated" visibility="public" complexity="1" crap="1" count="5"/>
        <line num="30" type="stmt" count="5"/>
        <line num="31" type="stmt" count="5"/>
        <line num="32" type="stmt" count="5"/>
        <line num="33" type="stmt" count="5"/>
        <line num="34" type="stmt" count="5"/>
        <line num="35" type="stmt" count="5"/>
        <line num="36" type="stmt" count="5"/>
        <line num="37" type="stmt" count="5"/>
        <line num="38" type="stmt" count="5"/>
        <line num="44" type="method" name="forNewOrderAvailable" visibility="public" complexity="1" crap="1" count="7"/>
        <line num="51" type="stmt" count="7"/>
        <line num="52" type="stmt" count="7"/>
        <line num="53" type="stmt" count="7"/>
        <line num="54" type="stmt" count="7"/>
        <line num="55" type="stmt" count="7"/>
        <line num="56" type="stmt" count="7"/>
        <line num="57" type="stmt" count="7"/>
        <line num="58" type="stmt" count="7"/>
        <line num="59" type="stmt" count="7"/>
        <line num="60" type="stmt" count="7"/>
        <line num="61" type="stmt" count="7"/>
        <line num="62" type="stmt" count="7"/>
        <line num="63" type="stmt" count="7"/>
        <line num="64" type="stmt" count="7"/>
        <line num="65" type="stmt" count="7"/>
        <line num="66" type="stmt" count="7"/>
        <line num="67" type="stmt" count="7"/>
        <line num="73" type="method" name="forOrderAssigned" visibility="public" complexity="1" crap="1" count="4"/>
        <line num="78" type="stmt" count="4"/>
        <line num="79" type="stmt" count="4"/>
        <line num="80" type="stmt" count="4"/>
        <line num="81" type="stmt" count="4"/>
        <line num="82" type="stmt" count="4"/>
        <line num="83" type="stmt" count="4"/>
        <line num="84" type="stmt" count="4"/>
        <line num="85" type="stmt" count="4"/>
        <line num="86" type="stmt" count="4"/>
        <line num="87" type="stmt" count="4"/>
        <line num="88" type="stmt" count="4"/>
        <line num="89" type="stmt" count="4"/>
        <line num="90" type="stmt" count="4"/>
        <line num="91" type="stmt" count="4"/>
        <line num="92" type="stmt" count="4"/>
        <line num="98" type="method" name="forOrderPickedUp" visibility="public" complexity="1" crap="1" count="3"/>
        <line num="100" type="stmt" count="3"/>
        <line num="101" type="stmt" count="3"/>
        <line num="102" type="stmt" count="3"/>
        <line num="103" type="stmt" count="3"/>
        <line num="104" type="stmt" count="3"/>
        <line num="105" type="stmt" count="3"/>
        <line num="106" type="stmt" count="3"/>
        <line num="107" type="stmt" count="3"/>
        <line num="108" type="stmt" count="3"/>
        <line num="109" type="stmt" count="3"/>
        <line num="110" type="stmt" count="3"/>
        <line num="111" type="stmt" count="3"/>
        <line num="117" type="method" name="forOrderDelivered" visibility="public" complexity="1" crap="1" count="5"/>
        <line num="122" type="stmt" count="5"/>
        <line num="123" type="stmt" count="5"/>
        <line num="124" type="stmt" count="5"/>
        <line num="125" type="stmt" count="5"/>
        <line num="126" type="stmt" count="5"/>
        <line num="127" type="stmt" count="5"/>
        <line num="128" type="stmt" count="5"/>
        <line num="129" type="stmt" count="5"/>
        <line num="130" type="stmt" count="5"/>
        <line num="131" type="stmt" count="5"/>
        <line num="132" type="stmt" count="5"/>
        <line num="133" type="stmt" count="5"/>
        <line num="134" type="stmt" count="5"/>
        <line num="135" type="stmt" count="5"/>
        <line num="141" type="method" name="forEarningsCredited" visibility="public" complexity="1" crap="1" count="3"/>
        <line num="147" type="stmt" count="3"/>
        <line num="148" type="stmt" count="3"/>
        <line num="149" type="stmt" count="3"/>
        <line num="150" type="stmt" count="3"/>
        <line num="151" type="stmt" count="3"/>
        <line num="152" type="stmt" count="3"/>
        <line num="153" type="stmt" count="3"/>
        <line num="154" type="stmt" count="3"/>
        <line num="155" type="stmt" count="3"/>
        <line num="156" type="stmt" count="3"/>
        <line num="157" type="stmt" count="3"/>
        <line num="163" type="method" name="forPaymentReceived" visibility="public" complexity="1" crap="1" count="2"/>
        <line num="168" type="stmt" count="2"/>
        <line num="169" type="stmt" count="2"/>
        <line num="170" type="stmt" count="2"/>
        <line num="171" type="stmt" count="2"/>
        <line num="172" type="stmt" count="2"/>
        <line num="173" type="stmt" count="2"/>
        <line num="174" type="stmt" count="2"/>
        <line num="175" type="stmt" count="2"/>
        <line num="176" type="stmt" count="2"/>
        <line num="177" type="stmt" count="2"/>
        <line num="183" type="method" name="forNewChatMessage" visibility="public" complexity="1" crap="1" count="4"/>
        <line num="188" type="stmt" count="4"/>
        <line num="189" type="stmt" count="4"/>
        <line num="190" type="stmt" count="4"/>
        <line num="191" type="stmt" count="4"/>
        <line num="192" type="stmt" count="4"/>
        <line num="193" type="stmt" count="4"/>
        <line num="194" type="stmt" count="4"/>
        <line num="195" type="stmt" count="4"/>
        <line num="196" type="stmt" count="4"/>
        <line num="197" type="stmt" count="4"/>
        <line num="198" type="stmt" count="4"/>
        <line num="199" type="stmt" count="4"/>
        <line num="200" type="stmt" count="4"/>
        <line num="206" type="method" name="forNewRating" visibility="public" complexity="2" crap="2" count="4"/>
        <line num="211" type="stmt" count="4"/>
        <line num="212" type="stmt" count="4"/>
        <line num="213" type="stmt" count="2"/>
        <line num="214" type="stmt" count="2"/>
        <line num="216" type="stmt" count="4"/>
        <line num="217" type="stmt" count="4"/>
        <line num="218" type="stmt" count="4"/>
        <line num="219" type="stmt" count="4"/>
        <line num="220" type="stmt" count="4"/>
        <line num="221" type="stmt" count="4"/>
        <line num="222" type="stmt" count="4"/>
        <line num="223" type="stmt" count="4"/>
        <line num="224" type="stmt" count="4"/>
        <line num="225" type="stmt" count="4"/>
        <line num="231" type="method" name="forPromotion" visibility="public" complexity="1" crap="1" count="3"/>
        <line num="237" type="stmt" count="3"/>
        <line num="238" type="stmt" count="3"/>
        <line num="239" type="stmt" count="3"/>
        <line num="240" type="stmt" count="3"/>
        <line num="241" type="stmt" count="3"/>
        <line num="242" type="stmt" count="3"/>
        <line num="243" type="stmt" count="3"/>
        <line num="244" type="stmt" count="3"/>
        <line num="245" type="stmt" count="3"/>
        <line num="246" type="stmt" count="3"/>
        <line num="252" type="method" name="forCourierArriving" visibility="public" complexity="2" crap="2" count="4"/>
        <line num="254" type="stmt" count="4"/>
        <line num="255" type="stmt" count="1"/>
        <line num="256" type="stmt" count="3"/>
        <line num="258" type="stmt" count="4"/>
        <line num="259" type="stmt" count="4"/>
        <line num="260" type="stmt" count="4"/>
        <line num="261" type="stmt" count="4"/>
        <line num="262" type="stmt" count="4"/>
        <line num="263" type="stmt" count="4"/>
        <line num="264" type="stmt" count="4"/>
        <line num="265" type="stmt" count="4"/>
        <line num="266" type="stmt" count="4"/>
        <line num="267" type="stmt" count="4"/>
        <line num="273" type="method" name="urgent" visibility="public" complexity="1" crap="1" count="2"/>
        <line num="275" type="stmt" count="2"/>
        <line num="276" type="stmt" count="2"/>
        <line num="277" type="stmt" count="2"/>
        <line num="278" type="stmt" count="2"/>
        <line num="279" type="stmt" count="2"/>
        <line num="280" type="stmt" count="2"/>
        <line num="286" type="method" name="toArray" visibility="public" complexity="1" crap="1" count="2"/>
        <line num="288" type="stmt" count="2"/>
        <line num="289" type="stmt" count="2"/>
        <line num="290" type="stmt" count="2"/>
        <line num="291" type="stmt" count="2"/>
        <line num="292" type="stmt" count="2"/>
        <line num="293" type="stmt" count="2"/>
        <line num="294" type="stmt" count="2"/>
        <line num="295" type="stmt" count="2"/>
        <line num="296" type="stmt" count="2"/>
        <line num="297" type="stmt" count="2"/>
        <metrics loc="300" ncloc="257" classes="1" methods="14" coveredmethods="14" conditionals="0" coveredconditionals="0" statements="155" coveredstatements="155" elements="169" coveredelements="169"/>
      </file>
      <file name="/Users/teya2023/Downloads/OUAGA_CHAP/api/app/DTOs/UpdateOrderStatusDTO.php">
        <class name="App\DTOs\UpdateOrderStatusDTO" namespace="App\DTOs">
          <metrics complexity="8" methods="4" coveredmethods="4" conditionals="0" coveredconditionals="0" statements="20" coveredstatements="20" elements="24" coveredelements="24"/>
        </class>
        <line num="10" type="method" name="__construct" visibility="public" complexity="1" crap="1" count="8"/>
        <line num="16" type="stmt" count="8"/>
        <line num="18" type="method" name="fromRequest" visibility="public" complexity="3" crap="3" count="1"/>
        <line num="20" type="stmt" count="1"/>
        <line num="21" type="stmt" count="1"/>
        <line num="22" type="stmt" count="1"/>
        <line num="23" type="stmt" count="1"/>
        <line num="24" type="stmt" count="1"/>
        <line num="25" type="stmt" count="1"/>
        <line num="26" type="stmt" count="1"/>
        <line num="27" type="stmt" count="1"/>
        <line num="28" type="stmt" count="1"/>
        <line num="29" type="stmt" count="1"/>
        <line num="30" type="stmt" count="1"/>
        <line num="33" type="method" name="fromArray" visibility="public" complexity="3" crap="3" count="7"/>
        <line num="35" type="stmt" count="7"/>
        <line num="36" type="stmt" count="7"/>
        <line num="37" type="stmt" count="7"/>
        <line num="38" type="stmt" count="7"/>
        <line num="39" type="stmt" count="7"/>
        <line num="40" type="stmt" count="7"/>
        <line num="41" type="stmt" count="7"/>
        <line num="45" type="method" name="resolvedNote" visibility="public" complexity="1" crap="1" count="3"/>
        <line num="47" type="stmt" count="3"/>
        <metrics loc="50" ncloc="49" classes="1" methods="4" coveredmethods="4" conditionals="0" coveredconditionals="0" statements="20" coveredstatements="20" elements="24" coveredelements="24"/>
      </file>
    </package>
    <package name="App\Enums">
      <file name="/Users/teya2023/Downloads/OUAGA_CHAP/api/app/Enums/KycStatus.php">
        <class name="App\Enums\KycStatus" namespace="App\Enums">
          <metrics complexity="10" methods="2" coveredmethods="0" conditionals="0" coveredconditionals="0" statements="12" coveredstatements="0" elements="14" coveredelements="0"/>
        </class>
        <line num="12" type="method" name="label" visibility="public" complexity="5" crap="30" count="0"/>
        <line num="14" type="stmt" count="0"/>
        <line num="15" type="stmt" count="0"/>
        <line num="16" type="stmt" count="0"/>
        <line num="17" type="stmt" count="0"/>
        <line num="18" type="stmt" count="0"/>
        <line num="19" type="stmt" count="0"/>
        <line num="22" type="method" name="color" visibility="public" complexity="5" crap="30" count="0"/>
        <line num="24" type="stmt" count="0"/>
        <line num="25" type="stmt" count="0"/>
        <line num="26" type="stmt" count="0"/>
        <line num="27" type="stmt" count="0"/>
        <line num="28" type="stmt" count="0"/>
        <line num="29" type="stmt" count="0"/>
        <metrics loc="32" ncloc="32" classes="1" methods="2" coveredmethods="0" conditionals="0" coveredconditionals="0" statements="12" coveredstatements="0" elements="14" coveredelements="0"/>
      </file>
      <file name="/Users/teya2023/Downloads/OUAGA_CHAP/api/app/Enums/NotificationChannel.php">
        <class name="App\Enums\NotificationChannel" namespace="App\Enums">
          <metrics complexity="17" methods="5" coveredmethods="0" conditionals="0" coveredconditionals="0" statements="22" coveredstatements="0" elements="27" coveredelements="0"/>
        </class>
        <line num="16" type="method" name="androidPriority" visibility="public" complexity="3" crap="12" count="0"/>
        <line num="18" type="stmt" count="0"/>
        <line num="19" type="stmt" count="0"/>
        <line num="20" type="stmt" count="0"/>
        <line num="21" type="stmt" count="0"/>
        <line num="24" type="method" name="sound" visibility="public" complexity="5" crap="30" count="0"/>
        <line num="26" type="stmt" count="0"/>
        <line num="27" type="stmt" count="0"/>
        <line num="28" type="stmt" count="0"/>
        <line num="29" type="stmt" count="0"/>
        <line num="30" type="stmt" count="0"/>
        <line num="31" type="stmt" count="0"/>
        <line num="34" type="method" name="wakeScreen" visibility="public" complexity="3" crap="12" count="0"/>
        <line num="36" type="stmt" count="0"/>
        <line num="37" type="stmt" count="0"/>
        <line num="38" type="stmt" count="0"/>
        <line num="39" type="stmt" count="0"/>
        <line num="42" type="method" name="iosPriority" visibility="public" complexity="3" crap="12" count="0"/>
        <line num="44" type="stmt" count="0"/>
        <line num="45" type="stmt" count="0"/>
        <line num="46" type="stmt" count="0"/>
        <line num="47" type="stmt" count="0"/>
        <line num="55" type="method" name="isDataOnly" visibility="public" complexity="3" crap="12" count="0"/>
        <line num="57" type="stmt" count="0"/>
        <line num="58" type="stmt" count="0"/>
        <line num="59" type="stmt" count="0"/>
        <line num="60" type="stmt" count="0"/>
        <metrics loc="63" ncloc="58" classes="1" methods="5" coveredmethods="0" conditionals="0" coveredconditionals="0" statements="22" coveredstatements="0" elements="27" coveredelements="0"/>
      </file>
      <file name="/Users/teya2023/Downloads/OUAGA_CHAP/api/app/Enums/NotificationType.php">
        <class name="App\Enums\NotificationType" namespace="App\Enums">
          <metrics complexity="42" methods="4" coveredmethods="2" conditionals="0" coveredconditionals="0" statements="46" coveredstatements="26" elements="50" coveredelements="28"/>
        </class>
        <line num="25" type="method" name="getTitle" visibility="public" complexity="18" crap="65.24" count="2"/>
        <line num="27" type="stmt" count="2"/>
        <line num="28" type="stmt" count="2"/>
        <line num="29" type="stmt" count="1"/>
        <line num="30" type="stmt" count="1"/>
        <line num="31" type="stmt" count="1"/>
        <line num="32" type="stmt" count="1"/>
        <line num="33" type="stmt" count="1"/>
        <line num="34" type="stmt" count="0"/>
        <line num="35" type="stmt" count="0"/>
        <line num="36" type="stmt" count="0"/>
        <line num="37" type="stmt" count="0"/>
        <line num="38" type="stmt" count="0"/>
        <line num="39" type="stmt" count="0"/>
        <line num="40" type="stmt" count="0"/>
        <line num="41" type="stmt" count="0"/>
        <line num="42" type="stmt" count="0"/>
        <line num="43" type="stmt" count="0"/>
        <line num="44" type="stmt" count="2"/>
        <line num="45" type="stmt" count="2"/>
        <line num="48" type="method" name="getChannel" visibility="public" complexity="3" crap="3" count="2"/>
        <line num="50" type="stmt" count="2"/>
        <line num="51" type="stmt" count="2"/>
        <line num="52" type="stmt" count="2"/>
        <line num="53" type="stmt" count="2"/>
        <line num="56" type="method" name="isOptional" visibility="public" complexity="3" crap="3" count="2"/>
        <line num="58" type="stmt" count="2"/>
        <line num="59" type="stmt" count="2"/>
        <line num="60" type="stmt" count="2"/>
        <line num="61" type="stmt" count="2"/>
        <line num="64" type="method" name="getDefaultMessage" visibility="public" complexity="18" crap="65.24" count="2"/>
        <line num="66" type="stmt" count="2"/>
        <line num="67" type="stmt" count="2"/>
        <line num="68" type="stmt" count="1"/>
        <line num="69" type="stmt" count="1"/>
        <line num="70" type="stmt" count="1"/>
        <line num="71" type="stmt" count="1"/>
        <line num="72" type="stmt" count="1"/>
        <line num="73" type="stmt" count="0"/>
        <line num="74" type="stmt" count="0"/>
        <line num="75" type="stmt" count="0"/>
        <line num="76" type="stmt" count="0"/>
        <line num="77" type="stmt" count="0"/>
        <line num="78" type="stmt" count="0"/>
        <line num="79" type="stmt" count="0"/>
        <line num="80" type="stmt" count="0"/>
        <line num="81" type="stmt" count="0"/>
        <line num="82" type="stmt" count="0"/>
        <line num="83" type="stmt" count="2"/>
        <line num="84" type="stmt" count="2"/>
        <metrics loc="87" ncloc="87" classes="1" methods="4" coveredmethods="2" conditionals="0" coveredconditionals="0" statements="46" coveredstatements="26" elements="50" coveredelements="28"/>
      </file>
      <file name="/Users/teya2023/Downloads/OUAGA_CHAP/api/app/Enums/OrderStatus.php">
        <class name="App\Enums\OrderStatus" namespace="App\Enums">
          <metrics complexity="29" methods="5" coveredmethods="5" conditionals="0" coveredconditionals="0" statements="36" coveredstatements="36" elements="41" coveredelements="41"/>
        </class>
        <line num="16" type="method" name="label" visibility="public" complexity="9" crap="9" count="6"/>
        <line num="18" type="stmt" count="6"/>
        <line num="19" type="stmt" count="6"/>
        <line num="20" type="stmt" count="5"/>
        <line num="21" type="stmt" count="4"/>
        <line num="22" type="stmt" count="4"/>
        <line num="23" type="stmt" count="4"/>
        <line num="24" type="stmt" count="3"/>
        <line num="25" type="stmt" count="3"/>
        <line num="26" type="stmt" count="6"/>
        <line num="27" type="stmt" count="6"/>
        <line num="30" type="method" name="color" visibility="public" complexity="9" crap="9" count="6"/>
        <line num="32" type="stmt" count="6"/>
        <line num="33" type="stmt" count="6"/>
        <line num="34" type="stmt" count="5"/>
        <line num="35" type="stmt" count="4"/>
        <line num="36" type="stmt" count="4"/>
        <line num="37" type="stmt" count="4"/>
        <line num="38" type="stmt" count="3"/>
        <line num="39" type="stmt" count="3"/>
        <line num="40" type="stmt" count="6"/>
        <line num="41" type="stmt" count="6"/>
        <line num="44" type="method" name="allowedTransitions" visibility="public" complexity="9" crap="9" count="32"/>
        <line num="47" type="stmt" count="32"/>
        <line num="48" type="stmt" count="20"/>
        <line num="49" type="stmt" count="14"/>
        <line num="50" type="stmt" count="13"/>
        <line num="51" type="stmt" count="13"/>
        <line num="52" type="stmt" count="9"/>
        <line num="53" type="stmt" count="7"/>
        <line num="54" type="stmt" count="32"/>
        <line num="61" type="method" name="activeStatuses" visibility="public" complexity="1" crap="1" count="8"/>
        <line num="63" type="stmt" count="8"/>
        <line num="64" type="stmt" count="8"/>
        <line num="65" type="stmt" count="8"/>
        <line num="66" type="stmt" count="8"/>
        <line num="67" type="stmt" count="8"/>
        <line num="68" type="stmt" count="8"/>
        <line num="69" type="stmt" count="8"/>
        <line num="72" type="method" name="canTransitionTo" visibility="public" complexity="1" crap="1" count="27"/>
        <line num="74" type="stmt" count="27"/>
        <metrics loc="77" ncloc="74" classes="1" methods="5" coveredmethods="5" conditionals="0" coveredconditionals="0" statements="36" coveredstatements="36" elements="41" coveredelements="41"/>
      </file>
      <file name="/Users/teya2023/Downloads/OUAGA_CHAP/api/app/Enums/PaymentMethod.php">
        <class name="App\Enums\PaymentMethod" namespace="App\Enums">
          <metrics complexity="8" methods="2" coveredmethods="2" conditionals="0" coveredconditionals="0" statements="9" coveredstatements="9" elements="11" coveredelements="11"/>
        </class>
        <line num="14" type="method" name="label" visibility="public" complexity="7" crap="7" count="1"/>
        <line num="16" type="stmt" count="1"/>
        <line num="17" type="stmt" count="1"/>
        <line num="18" type="stmt" count="1"/>
        <line num="19" type="stmt" count="1"/>
        <line num="20" type="stmt" count="1"/>
        <line num="21" type="stmt" count="1"/>
        <line num="22" type="stmt" count="1"/>
        <line num="23" type="stmt" count="1"/>
        <line num="29" type="method" name="isOnline" visibility="public" complexity="1" crap="1" count="1"/>
        <line num="31" type="stmt" count="1"/>
        <metrics loc="34" ncloc="31" classes="1" methods="2" coveredmethods="2" conditionals="0" coveredconditionals="0" statements="9" coveredstatements="9" elements="11" coveredelements="11"/>
      </file>
      <file name="/Users/teya2023/Downloads/OUAGA_CHAP/api/app/Enums/PaymentStatus.php">
        <class name="App\Enums\PaymentStatus" namespace="App\Enums">
          <metrics complexity="8" methods="2" coveredmethods="2" conditionals="0" coveredconditionals="0" statements="10" coveredstatements="10" elements="12" coveredelements="12"/>
        </class>
        <line num="11" type="method" name="label" visibility="public" complexity="4" crap="4" count="3"/>
        <line num="13" type="stmt" count="3"/>
        <line num="14" type="stmt" count="3"/>
        <line num="15" type="stmt" count="2"/>
        <line num="16" type="stmt" count="3"/>
        <line num="17" type="stmt" count="3"/>
        <line num="20" type="method" name="color" visibility="public" complexity="4" crap="4" count="1"/>
        <line num="22" type="stmt" count="1"/>
        <line num="23" type="stmt" count="1"/>
        <line num="24" type="stmt" count="1"/>
        <line num="25" type="stmt" count="1"/>
        <line num="26" type="stmt" count="1"/>
        <metrics loc="29" ncloc="29" classes="1" methods="2" coveredmethods="2" conditionals="0" coveredconditionals="0" statements="10" coveredstatements="10" elements="12" coveredelements="12"/>
      </file>
      <file name="/Users/teya2023/Downloads/OUAGA_CHAP/api/app/Enums/SubscriptionPlan.php">
        <class name="App\Enums\SubscriptionPlan" namespace="App\Enums">
          <metrics complexity="10" methods="4" coveredmethods="4" conditionals="0" coveredconditionals="0" statements="13" coveredstatements="13" elements="17" coveredelements="17"/>
        </class>
        <line num="11" type="method" name="priceXof" visibility="public" complexity="3" crap="3" count="1"/>
        <line num="13" type="stmt" count="1"/>
        <line num="14" type="stmt" count="1"/>
        <line num="15" type="stmt" count="1"/>
        <line num="16" type="stmt" count="1"/>
        <line num="20" type="method" name="discountXof" visibility="public" complexity="3" crap="3" count="1"/>
        <line num="22" type="stmt" count="1"/>
        <line num="23" type="stmt" count="1"/>
        <line num="24" type="stmt" count="1"/>
        <line num="25" type="stmt" count="1"/>
        <line num="29" type="method" name="hasPriorityDispatch" visibility="public" complexity="1" crap="1" count="1"/>
        <line num="31" type="stmt" count="1"/>
        <line num="34" type="method" name="label" visibility="public" complexity="3" crap="3" count="1"/>
        <line num="36" type="stmt" count="1"/>
        <line num="37" type="stmt" count="1"/>
        <line num="38" type="stmt" count="1"/>
        <line num="39" type="stmt" count="1"/>
        <metrics loc="42" ncloc="39" classes="1" methods="4" coveredmethods="4" conditionals="0" coveredconditionals="0" statements="13" coveredstatements="13" elements="17" coveredelements="17"/>
      </file>
      <file name="/Users/teya2023/Downloads/OUAGA_CHAP/api/app/Enums/UserRole.php">
        <class name="App\Enums\UserRole" namespace="App\Enums">
          <metrics complexity="4" methods="1" coveredmethods="1" conditionals="0" coveredconditionals="0" statements="5" coveredstatements="5" elements="6" coveredelements="6"/>
        </class>
        <line num="11" type="method" name="label" visibility="public" complexity="4" crap="4" count="1"/>
        <line num="13" type="stmt" count="1"/>
        <line num="14" type="stmt" count="1"/>
        <line num="15" type="stmt" count="1"/>
        <line num="16" type="stmt" count="1"/>
        <line num="17" type="stmt" count="1"/>
        <metrics loc="20" ncloc="20" classes="1" methods="1" coveredmethods="1" conditionals="0" coveredconditionals="0" statements="5" coveredstatements="5" elements="6" coveredelements="6"/>
      </file>
      <file name="/Users/teya2023/Downloads/OUAGA_CHAP/api/app/Enums/UserStatus.php">
        <class name="App\Enums\UserStatus" namespace="App\Enums">
          <metrics complexity="10" methods="2" coveredmethods="2" conditionals="0" coveredconditionals="0" statements="12" coveredstatements="12" elements="14" coveredelements="14"/>
        </class>
        <line num="12" type="method" name="label" visibility="public" complexity="5" crap="5" count="5"/>
        <line num="14" type="stmt" count="5"/>
        <line num="15" type="stmt" count="5"/>
        <line num="16" type="stmt" count="4"/>
        <line num="17" type="stmt" count="3"/>
        <line num="18" type="stmt" count="5"/>
        <line num="19" type="stmt" count="5"/>
        <line num="22" type="method" name="color" visibility="public" complexity="5" crap="5" count="2"/>
        <line num="24" type="stmt" count="2"/>
        <line num="25" type="stmt" count="2"/>
        <line num="26" type="stmt" count="2"/>
        <line num="27" type="stmt" count="2"/>
        <line num="28" type="stmt" count="2"/>
        <line num="29" type="stmt" count="2"/>
        <metrics loc="32" ncloc="32" classes="1" methods="2" coveredmethods="2" conditionals="0" coveredconditionals="0" statements="12" coveredstatements="12" elements="14" coveredelements="14"/>
      </file>
    </package>
    <package name="App\Events">
      <file name="/Users/teya2023/Downloads/OUAGA_CHAP/api/app/Events/CourierLocationUpdated.php">
        <class name="App\Events\CourierLocationUpdated" namespace="App\Events">
          <metrics complexity="5" methods="4" coveredmethods="0" conditionals="0" coveredconditionals="0" statements="17" coveredstatements="0" elements="21" coveredelements="0"/>
        </class>
        <line num="20" type="method" name="__construct" visibility="public" complexity="1" crap="2" count="0"/>
        <line num="25" type="stmt" count="0"/>
        <line num="27" type="method" name="broadcastOn" visibility="public" complexity="2" crap="6" count="0"/>
        <line num="29" type="stmt" count="0"/>
        <line num="30" type="stmt" count="0"/>
        <line num="31" type="stmt" count="0"/>
        <line num="33" type="stmt" count="0"/>
        <line num="34" type="stmt" count="0"/>
        <line num="37" type="stmt" count="0"/>
        <line num="40" type="method" name="broadcastAs" visibility="public" complexity="1" crap="2" count="0"/>
        <line num="42" type="stmt" count="0"/>
        <line num="45" type="method" name="broadcastWith" visibility="public" complexity="1" crap="2" count="0"/>
        <line num="47" type="stmt" count="0"/>
        <line num="48" type="stmt" count="0"/>
        <line num="49" type="stmt" count="0"/>
        <line num="50" type="stmt" count="0"/>
        <line num="51" type="stmt" count="0"/>
        <line num="52" type="stmt" count="0"/>
        <line num="53" type="stmt" count="0"/>
        <line num="54" type="stmt" count="0"/>
        <line num="55" type="stmt" count="0"/>
        <metrics loc="58" ncloc="54" classes="1" methods="4" coveredmethods="0" conditionals="0" coveredconditionals="0" statements="17" coveredstatements="0" elements="21" coveredelements="0"/>
      </file>
      <file name="/Users/teya2023/Downloads/OUAGA_CHAP/api/app/Events/CourierWentOnline.php">
        <class name="App\Events\CourierWentOnline" namespace="App\Events">
          <metrics complexity="6" methods="5" coveredmethods="2" conditionals="0" coveredconditionals="0" statements="14" coveredstatements="3" elements="19" coveredelements="5"/>
        </class>
        <line num="19" type="method" name="__construct" visibility="public" complexity="1" crap="1" count="10"/>
        <line num="22" type="stmt" count="10"/>
        <line num="27" type="method" name="__get" visibility="public" complexity="2" crap="2" count="2"/>
        <line num="29" type="stmt" count="2"/>
        <line num="30" type="stmt" count="2"/>
        <line num="34" type="method" name="broadcastOn" visibility="public" complexity="1" crap="2" count="0"/>
        <line num="37" type="stmt" count="0"/>
        <line num="38" type="stmt" count="0"/>
        <line num="39" type="stmt" count="0"/>
        <line num="42" type="method" name="broadcastAs" visibility="public" complexity="1" crap="2" count="0"/>
        <line num="44" type="stmt" count="0"/>
        <line num="47" type="method" name="broadcastWith" visibility="public" complexity="1" crap="2" count="0"/>
        <line num="49" type="stmt" count="0"/>
        <line num="50" type="stmt" count="0"/>
        <line num="51" type="stmt" count="0"/>
        <line num="52" type="stmt" count="0"/>
        <line num="53" type="stmt" count="0"/>
        <line num="54" type="stmt" count="0"/>
        <line num="55" type="stmt" count="0"/>
        <metrics loc="58" ncloc="51" classes="1" methods="5" coveredmethods="2" conditionals="0" coveredconditionals="0" statements="14" coveredstatements="3" elements="19" coveredelements="5"/>
      </file>
      <file name="/Users/teya2023/Downloads/OUAGA_CHAP/api/app/Events/NewOrderAvailable.php">
        <class name="App\Events\NewOrderAvailable" namespace="App\Events">
          <metrics complexity="4" methods="4" coveredmethods="0" conditionals="0" coveredconditionals="0" statements="19" coveredstatements="0" elements="23" coveredelements="0"/>
        </class>
        <line num="24" type="method" name="__construct" visibility="public" complexity="1" crap="2" count="0"/>
        <line num="27" type="stmt" count="0"/>
        <line num="32" type="method" name="broadcastOn" visibility="public" complexity="1" crap="2" count="0"/>
        <line num="34" type="stmt" count="0"/>
        <line num="35" type="stmt" count="0"/>
        <line num="36" type="stmt" count="0"/>
        <line num="37" type="stmt" count="0"/>
        <line num="40" type="method" name="broadcastAs" visibility="public" complexity="1" crap="2" count="0"/>
        <line num="42" type="stmt" count="0"/>
        <line num="45" type="method" name="broadcastWith" visibility="public" complexity="1" crap="2" count="0"/>
        <line num="47" type="stmt" count="0"/>
        <line num="48" type="stmt" count="0"/>
        <line num="49" type="stmt" count="0"/>
        <line num="50" type="stmt" count="0"/>
        <line num="51" type="stmt" count="0"/>
        <line num="52" type="stmt" count="0"/>
        <line num="53" type="stmt" count="0"/>
        <line num="54" type="stmt" count="0"/>
        <line num="55" type="stmt" count="0"/>
        <line num="56" type="stmt" count="0"/>
        <line num="57" type="stmt" count="0"/>
        <line num="58" type="stmt" count="0"/>
        <line num="59" type="stmt" count="0"/>
        <metrics loc="62" ncloc="51" classes="1" methods="4" coveredmethods="0" conditionals="0" coveredconditionals="0" statements="19" coveredstatements="0" elements="23" coveredelements="0"/>
      </file>
      <file name="/Users/teya2023/Downloads/OUAGA_CHAP/api/app/Events/OrderAssigned.php">
        <class name="App\Events\OrderAssigned" namespace="App\Events">
          <metrics complexity="6" methods="4" coveredmethods="1" conditionals="0" coveredconditionals="0" statements="20" coveredstatements="1" elements="24" coveredelements="2"/>
        </class>
        <line num="20" type="method" name="__construct" visibility="public" complexity="1" crap="1" count="4"/>
        <line num="22" type="stmt" count="4"/>
        <line num="27" type="method" name="broadcastOn" visibility="public" complexity="3" crap="12" count="0"/>
        <line num="29" type="stmt" count="0"/>
        <line num="31" type="stmt" count="0"/>
        <line num="32" type="stmt" count="0"/>
        <line num="36" type="stmt" count="0"/>
        <line num="37" type="stmt" count="0"/>
        <line num="40" type="stmt" count="0"/>
        <line num="43" type="method" name="broadcastAs" visibility="public" complexity="1" crap="2" count="0"/>
        <line num="45" type="stmt" count="0"/>
        <line num="48" type="method" name="broadcastWith" visibility="public" complexity="1" crap="2" count="0"/>
        <line num="50" type="stmt" count="0"/>
        <line num="51" type="stmt" count="0"/>
        <line num="52" type="stmt" count="0"/>
        <line num="53" type="stmt" count="0"/>
        <line num="54" type="stmt" count="0"/>
        <line num="55" type="stmt" count="0"/>
        <line num="56" type="stmt" count="0"/>
        <line num="57" type="stmt" count="0"/>
        <line num="58" type="stmt" count="0"/>
        <line num="59" type="stmt" count="0"/>
        <line num="60" type="stmt" count="0"/>
        <line num="61" type="stmt" count="0"/>
        <metrics loc="64" ncloc="56" classes="1" methods="4" coveredmethods="1" conditionals="0" coveredconditionals="0" statements="20" coveredstatements="1" elements="24" coveredelements="2"/>
      </file>
      <file name="/Users/teya2023/Downloads/OUAGA_CHAP/api/app/Events/OrderCreated.php">
        <class name="App\Events\OrderCreated" namespace="App\Events">
          <metrics complexity="4" methods="4" coveredmethods="1" conditionals="0" coveredconditionals="0" statements="14" coveredstatements="1" elements="18" coveredelements="2"/>
        </class>
        <line num="20" type="method" name="__construct" visibility="public" complexity="1" crap="1" count="2"/>
        <line num="22" type="stmt" count="2"/>
        <line num="24" type="method" name="broadcastOn" visibility="public" complexity="1" crap="2" count="0"/>
        <line num="26" type="stmt" count="0"/>
        <line num="27" type="stmt" count="0"/>
        <line num="28" type="stmt" count="0"/>
        <line num="31" type="method" name="broadcastAs" visibility="public" complexity="1" crap="2" count="0"/>
        <line num="33" type="stmt" count="0"/>
        <line num="36" type="method" name="broadcastWith" visibility="public" complexity="1" crap="2" count="0"/>
        <line num="38" type="stmt" count="0"/>
        <line num="39" type="stmt" count="0"/>
        <line num="40" type="stmt" count="0"/>
        <line num="41" type="stmt" count="0"/>
        <line num="42" type="stmt" count="0"/>
        <line num="43" type="stmt" count="0"/>
        <line num="44" type="stmt" count="0"/>
        <line num="45" type="stmt" count="0"/>
        <line num="46" type="stmt" count="0"/>
        <metrics loc="49" ncloc="45" classes="1" methods="4" coveredmethods="1" conditionals="0" coveredconditionals="0" statements="14" coveredstatements="1" elements="18" coveredelements="2"/>
      </file>
      <file name="/Users/teya2023/Downloads/OUAGA_CHAP/api/app/Events/OrderMessageSent.php">
        <class name="App\Events\OrderMessageSent" namespace="App\Events">
          <metrics complexity="4" methods="4" coveredmethods="1" conditionals="0" coveredconditionals="0" statements="15" coveredstatements="1" elements="19" coveredelements="2"/>
        </class>
        <line num="16" type="method" name="__construct" visibility="public" complexity="1" crap="1" count="3"/>
        <line num="18" type="stmt" count="3"/>
        <line num="23" type="method" name="broadcastOn" visibility="public" complexity="1" crap="2" count="0"/>
        <line num="25" type="stmt" count="0"/>
        <line num="26" type="stmt" count="0"/>
        <line num="27" type="stmt" count="0"/>
        <line num="30" type="method" name="broadcastAs" visibility="public" complexity="1" crap="2" count="0"/>
        <line num="32" type="stmt" count="0"/>
        <line num="35" type="method" name="broadcastWith" visibility="public" complexity="1" crap="2" count="0"/>
        <line num="37" type="stmt" count="0"/>
        <line num="38" type="stmt" count="0"/>
        <line num="39" type="stmt" count="0"/>
        <line num="40" type="stmt" count="0"/>
        <line num="41" type="stmt" count="0"/>
        <line num="42" type="stmt" count="0"/>
        <line num="43" type="stmt" count="0"/>
        <line num="44" type="stmt" count="0"/>
        <line num="45" type="stmt" count="0"/>
        <line num="46" type="stmt" count="0"/>
        <metrics loc="49" ncloc="46" classes="1" methods="4" coveredmethods="1" conditionals="0" coveredconditionals="0" statements="15" coveredstatements="1" elements="19" coveredelements="2"/>
      </file>
      <file name="/Users/teya2023/Downloads/OUAGA_CHAP/api/app/Events/OrderStatusChanged.php">
        <class name="App\Events\OrderStatusChanged" namespace="App\Events">
          <metrics complexity="6" methods="4" coveredmethods="1" conditionals="0" coveredconditionals="0" statements="17" coveredstatements="1" elements="21" coveredelements="2"/>
        </class>
        <line num="20" type="method" name="__construct" visibility="public" complexity="1" crap="1" count="5"/>
        <line num="24" type="stmt" count="5"/>
        <line num="29" type="method" name="broadcastOn" visibility="public" complexity="3" crap="12" count="0"/>
        <line num="31" type="stmt" count="0"/>
        <line num="32" type="stmt" count="0"/>
        <line num="33" type="stmt" count="0"/>
        <line num="36" type="stmt" count="0"/>
        <line num="37" type="stmt" count="0"/>
        <line num="41" type="stmt" count="0"/>
        <line num="42" type="stmt" count="0"/>
        <line num="45" type="stmt" count="0"/>
        <line num="48" type="method" name="broadcastAs" visibility="public" complexity="1" crap="2" count="0"/>
        <line num="50" type="stmt" count="0"/>
        <line num="53" type="method" name="broadcastWith" visibility="public" complexity="1" crap="2" count="0"/>
        <line num="55" type="stmt" count="0"/>
        <line num="56" type="stmt" count="0"/>
        <line num="57" type="stmt" count="0"/>
        <line num="58" type="stmt" count="0"/>
        <line num="59" type="stmt" count="0"/>
        <line num="60" type="stmt" count="0"/>
        <line num="61" type="stmt" count="0"/>
        <metrics loc="64" ncloc="55" classes="1" methods="4" coveredmethods="1" conditionals="0" coveredconditionals="0" statements="17" coveredstatements="1" elements="21" coveredelements="2"/>
      </file>
      <file name="/Users/teya2023/Downloads/OUAGA_CHAP/api/app/Events/OrderTrackingUpdate.php">
        <class name="App\Events\OrderTrackingUpdate" namespace="App\Events">
          <metrics complexity="5" methods="4" coveredmethods="0" conditionals="0" coveredconditionals="0" statements="20" coveredstatements="0" elements="24" coveredelements="0"/>
        </class>
        <line num="26" type="method" name="__construct" visibility="public" complexity="1" crap="2" count="0"/>
        <line num="32" type="stmt" count="0"/>
        <line num="34" type="method" name="broadcastOn" visibility="public" complexity="1" crap="2" count="0"/>
        <line num="36" type="stmt" count="0"/>
        <line num="37" type="stmt" count="0"/>
        <line num="38" type="stmt" count="0"/>
        <line num="41" type="method" name="broadcastAs" visibility="public" complexity="1" crap="2" count="0"/>
        <line num="43" type="stmt" count="0"/>
        <line num="46" type="method" name="broadcastWith" visibility="public" complexity="2" crap="6" count="0"/>
        <line num="48" type="stmt" count="0"/>
        <line num="49" type="stmt" count="0"/>
        <line num="50" type="stmt" count="0"/>
        <line num="51" type="stmt" count="0"/>
        <line num="52" type="stmt" count="0"/>
        <line num="53" type="stmt" count="0"/>
        <line num="54" type="stmt" count="0"/>
        <line num="55" type="stmt" count="0"/>
        <line num="56" type="stmt" count="0"/>
        <line num="57" type="stmt" count="0"/>
        <line num="58" type="stmt" count="0"/>
        <line num="59" type="stmt" count="0"/>
        <line num="60" type="stmt" count="0"/>
        <line num="61" type="stmt" count="0"/>
        <line num="62" type="stmt" count="0"/>
        <metrics loc="65" ncloc="55" classes="1" methods="4" coveredmethods="0" conditionals="0" coveredconditionals="0" statements="20" coveredstatements="0" elements="24" coveredelements="0"/>
      </file>
      <file name="/Users/teya2023/Downloads/OUAGA_CHAP/api/app/Events/PaymentCompleted.php">
        <class name="App\Events\PaymentCompleted" namespace="App\Events">
          <metrics complexity="4" methods="4" coveredmethods="4" conditionals="0" coveredconditionals="0" statements="14" coveredstatements="14" elements="18" coveredelements="18"/>
        </class>
        <line num="20" type="method" name="__construct" visibility="public" complexity="1" crap="1" count="9"/>
        <line num="23" type="stmt" count="9"/>
        <line num="25" type="method" name="broadcastOn" visibility="public" complexity="1" crap="1" count="1"/>
        <line num="27" type="stmt" count="1"/>
        <line num="28" type="stmt" count="1"/>
        <line num="29" type="stmt" count="1"/>
        <line num="32" type="method" name="broadcastAs" visibility="public" complexity="1" crap="1" count="1"/>
        <line num="34" type="stmt" count="1"/>
        <line num="37" type="method" name="broadcastWith" visibility="public" complexity="1" crap="1" count="1"/>
        <line num="39" type="stmt" count="1"/>
        <line num="40" type="stmt" count="1"/>
        <line num="41" type="stmt" count="1"/>
        <line num="42" type="stmt" count="1"/>
        <line num="43" type="stmt" count="1"/>
        <line num="44" type="stmt" count="1"/>
        <line num="45" type="stmt" count="1"/>
        <line num="46" type="stmt" count="1"/>
        <line num="47" type="stmt" count="1"/>
        <metrics loc="50" ncloc="47" classes="1" methods="4" coveredmethods="4" conditionals="0" coveredconditionals="0" statements="14" coveredstatements="14" elements="18" coveredelements="18"/>
      </file>
    </package>
    <package name="App\Exceptions\Domain">
      <file name="/Users/teya2023/Downloads/OUAGA_CHAP/api/app/Exceptions/Domain/CourierNotAvailableException.php">
        <class name="App\Exceptions\Domain\CourierNotAvailableException" namespace="App\Exceptions\Domain">
          <metrics complexity="4" methods="4" coveredmethods="4" conditionals="0" coveredconditionals="0" statements="7" coveredstatements="7" elements="11" coveredelements="11"/>
        </class>
        <line num="12" type="method" name="getStatusCode" visibility="public" complexity="1" crap="1" count="2"/>
        <line num="14" type="stmt" count="2"/>
        <line num="17" type="method" name="getErrorCode" visibility="public" complexity="1" crap="1" count="2"/>
        <line num="19" type="stmt" count="2"/>
        <line num="22" type="method" name="noActiveCouriers" visibility="public" complexity="1" crap="1" count="3"/>
        <line num="24" type="stmt" count="3"/>
        <line num="27" type="method" name="tooFarFromPickup" visibility="public" complexity="1" crap="1" count="3"/>
        <line num="29" type="stmt" count="3"/>
        <line num="30" type="stmt" count="3"/>
        <line num="31" type="stmt" count="3"/>
        <line num="32" type="stmt" count="3"/>
        <metrics loc="35" ncloc="30" classes="1" methods="4" coveredmethods="4" conditionals="0" coveredconditionals="0" statements="7" coveredstatements="7" elements="11" coveredelements="11"/>
      </file>
      <file name="/Users/teya2023/Downloads/OUAGA_CHAP/api/app/Exceptions/Domain/DomainException.php">
        <class name="App\Exceptions\Domain\DomainException" namespace="App\Exceptions\Domain">
          <metrics complexity="2" methods="2" coveredmethods="0" conditionals="0" coveredconditionals="0" statements="2" coveredstatements="0" elements="4" coveredelements="0"/>
        </class>
        <line num="18" type="method" name="getStatusCode" visibility="public" complexity="1" crap="2" count="0"/>
        <line num="20" type="stmt" count="0"/>
        <line num="26" type="method" name="getErrorCode" visibility="public" complexity="1" crap="2" count="0"/>
        <line num="28" type="stmt" count="0"/>
        <metrics loc="31" ncloc="19" classes="1" methods="2" coveredmethods="0" conditionals="0" coveredconditionals="0" statements="2" coveredstatements="0" elements="4" coveredelements="0"/>
      </file>
      <file name="/Users/teya2023/Downloads/OUAGA_CHAP/api/app/Exceptions/Domain/InsufficientBalanceException.php">
        <class name="App\Exceptions\Domain\InsufficientBalanceException" namespace="App\Exceptions\Domain">
          <metrics complexity="4" methods="4" coveredmethods="4" conditionals="0" coveredconditionals="0" statements="12" coveredstatements="12" elements="16" coveredelements="16"/>
        </class>
        <line num="12" type="method" name="getStatusCode" visibility="public" complexity="1" crap="1" count="2"/>
        <line num="14" type="stmt" count="2"/>
        <line num="17" type="method" name="getErrorCode" visibility="public" complexity="1" crap="1" count="2"/>
        <line num="19" type="stmt" count="2"/>
        <line num="25" type="method" name="forWithdrawal" visibility="public" complexity="1" crap="1" count="4"/>
        <line num="27" type="stmt" count="4"/>
        <line num="28" type="stmt" count="4"/>
        <line num="29" type="stmt" count="4"/>
        <line num="30" type="stmt" count="4"/>
        <line num="31" type="stmt" count="4"/>
        <line num="37" type="method" name="belowMinimum" visibility="public" complexity="1" crap="1" count="3"/>
        <line num="39" type="stmt" count="3"/>
        <line num="40" type="stmt" count="3"/>
        <line num="41" type="stmt" count="3"/>
        <line num="42" type="stmt" count="3"/>
        <line num="43" type="stmt" count="3"/>
        <metrics loc="46" ncloc="35" classes="1" methods="4" coveredmethods="4" conditionals="0" coveredconditionals="0" statements="12" coveredstatements="12" elements="16" coveredelements="16"/>
      </file>
      <file name="/Users/teya2023/Downloads/OUAGA_CHAP/api/app/Exceptions/Domain/InvalidOrderStatusTransitionException.php">
        <class name="App\Exceptions\Domain\InvalidOrderStatusTransitionException" namespace="App\Exceptions\Domain">
          <metrics complexity="3" methods="3" coveredmethods="3" conditionals="0" coveredconditionals="0" statements="7" coveredstatements="7" elements="10" coveredelements="10"/>
        </class>
        <line num="12" type="method" name="getStatusCode" visibility="public" complexity="1" crap="1" count="1"/>
        <line num="14" type="stmt" count="1"/>
        <line num="17" type="method" name="getErrorCode" visibility="public" complexity="1" crap="1" count="1"/>
        <line num="19" type="stmt" count="1"/>
        <line num="25" type="method" name="fromTo" visibility="public" complexity="1" crap="1" count="4"/>
        <line num="27" type="stmt" count="4"/>
        <line num="28" type="stmt" count="4"/>
        <line num="29" type="stmt" count="4"/>
        <line num="30" type="stmt" count="4"/>
        <line num="31" type="stmt" count="4"/>
        <metrics loc="34" ncloc="26" classes="1" methods="3" coveredmethods="3" conditionals="0" coveredconditionals="0" statements="7" coveredstatements="7" elements="10" coveredelements="10"/>
      </file>
    </package>
    <package name="App\Exports">
      <file name="/Users/teya2023/Downloads/OUAGA_CHAP/api/app/Exports/CouriersExport.php">
        <class name="App\Exports\CouriersExport" namespace="App\Exports">
          <metrics complexity="15" methods="6" coveredmethods="6" conditionals="0" coveredconditionals="0" statements="56" coveredstatements="56" elements="62" coveredelements="62"/>
        </class>
        <line num="23" type="method" name="__construct" visibility="public" complexity="1" crap="1" count="13"/>
        <line num="25" type="stmt" count="13"/>
        <line num="26" type="stmt" count="13"/>
        <line num="29" type="method" name="query" visibility="public" complexity="3" crap="3" count="4"/>
        <line num="31" type="stmt" count="4"/>
        <line num="32" type="stmt" count="4"/>
        <line num="33" type="stmt" count="4"/>
        <line num="35" type="stmt" count="4"/>
        <line num="36" type="stmt" count="1"/>
        <line num="39" type="stmt" count="4"/>
        <line num="40" type="stmt" count="1"/>
        <line num="43" type="stmt" count="4"/>
        <line num="46" type="method" name="headings" visibility="public" complexity="1" crap="1" count="2"/>
        <line num="48" type="stmt" count="2"/>
        <line num="49" type="stmt" count="2"/>
        <line num="50" type="stmt" count="2"/>
        <line num="51" type="stmt" count="2"/>
        <line num="52" type="stmt" count="2"/>
        <line num="53" type="stmt" count="2"/>
        <line num="54" type="stmt" count="2"/>
        <line num="55" type="stmt" count="2"/>
        <line num="56" type="stmt" count="2"/>
        <line num="57" type="stmt" count="2"/>
        <line num="58" type="stmt" count="2"/>
        <line num="59" type="stmt" count="2"/>
        <line num="60" type="stmt" count="2"/>
        <line num="61" type="stmt" count="2"/>
        <line num="62" type="stmt" count="2"/>
        <line num="65" type="method" name="map" visibility="public" complexity="3" crap="3" count="2"/>
        <line num="67" type="stmt" count="2"/>
        <line num="68" type="stmt" count="2"/>
        <line num="69" type="stmt" count="2"/>
        <line num="70" type="stmt" count="2"/>
        <line num="71" type="stmt" count="2"/>
        <line num="72" type="stmt" count="2"/>
        <line num="73" type="stmt" count="2"/>
        <line num="74" type="stmt" count="2"/>
        <line num="75" type="stmt" count="2"/>
        <line num="76" type="stmt" count="2"/>
        <line num="77" type="stmt" count="2"/>
        <line num="78" type="stmt" count="2"/>
        <line num="79" type="stmt" count="2"/>
        <line num="80" type="stmt" count="2"/>
        <line num="81" type="stmt" count="2"/>
        <line num="84" type="method" name="formatStatus" visibility="protected" complexity="6" crap="6" count="3"/>
        <line num="86" type="stmt" count="3"/>
        <line num="87" type="stmt" count="1"/>
        <line num="88" type="stmt" count="1"/>
        <line num="89" type="stmt" count="1"/>
        <line num="90" type="stmt" count="1"/>
        <line num="91" type="stmt" count="3"/>
        <line num="92" type="stmt" count="3"/>
        <line num="95" type="method" name="styles" visibility="public" complexity="1" crap="1" count="2"/>
        <line num="97" type="stmt" count="2"/>
        <line num="98" type="stmt" count="2"/>
        <line num="99" type="stmt" count="2"/>
        <line num="100" type="stmt" count="2"/>
        <line num="101" type="stmt" count="2"/>
        <line num="102" type="stmt" count="2"/>
        <line num="103" type="stmt" count="2"/>
        <line num="104" type="stmt" count="2"/>
        <line num="105" type="stmt" count="2"/>
        <metrics loc="108" ncloc="108" classes="1" methods="6" coveredmethods="6" conditionals="0" coveredconditionals="0" statements="56" coveredstatements="56" elements="62" coveredelements="62"/>
      </file>
      <file name="/Users/teya2023/Downloads/OUAGA_CHAP/api/app/Exports/OrdersExport.php">
        <class name="App\Exports\OrdersExport" namespace="App\Exports">
          <metrics complexity="19" methods="6" coveredmethods="6" conditionals="0" coveredconditionals="0" statements="68" coveredstatements="68" elements="74" coveredelements="74"/>
        </class>
        <line num="23" type="method" name="__construct" visibility="public" complexity="1" crap="1" count="14"/>
        <line num="25" type="stmt" count="14"/>
        <line num="26" type="stmt" count="14"/>
        <line num="27" type="stmt" count="14"/>
        <line num="30" type="method" name="query" visibility="public" complexity="4" crap="4" count="4"/>
        <line num="32" type="stmt" count="4"/>
        <line num="33" type="stmt" count="4"/>
        <line num="35" type="stmt" count="4"/>
        <line num="36" type="stmt" count="2"/>
        <line num="39" type="stmt" count="4"/>
        <line num="40" type="stmt" count="2"/>
        <line num="43" type="stmt" count="4"/>
        <line num="44" type="stmt" count="2"/>
        <line num="47" type="stmt" count="4"/>
        <line num="50" type="method" name="headings" visibility="public" complexity="1" crap="1" count="2"/>
        <line num="52" type="stmt" count="2"/>
        <line num="53" type="stmt" count="2"/>
        <line num="54" type="stmt" count="2"/>
        <line num="55" type="stmt" count="2"/>
        <line num="56" type="stmt" count="2"/>
        <line num="57" type="stmt" count="2"/>
        <line num="58" type="stmt" count="2"/>
        <line num="59" type="stmt" count="2"/>
        <line num="60" type="stmt" count="2"/>
        <line num="61" type="stmt" count="2"/>
        <line num="62" type="stmt" count="2"/>
        <line num="63" type="stmt" count="2"/>
        <line num="64" type="stmt" count="2"/>
        <line num="65" type="stmt" count="2"/>
        <line num="66" type="stmt" count="2"/>
        <line num="67" type="stmt" count="2"/>
        <line num="68" type="stmt" count="2"/>
        <line num="69" type="stmt" count="2"/>
        <line num="72" type="method" name="map" visibility="public" complexity="2" crap="2" count="2"/>
        <line num="74" type="stmt" count="2"/>
        <line num="75" type="stmt" count="2"/>
        <line num="76" type="stmt" count="2"/>
        <line num="77" type="stmt" count="2"/>
        <line num="78" type="stmt" count="2"/>
        <line num="79" type="stmt" count="2"/>
        <line num="80" type="stmt" count="2"/>
        <line num="81" type="stmt" count="2"/>
        <line num="82" type="stmt" count="2"/>
        <line num="83" type="stmt" count="2"/>
        <line num="84" type="stmt" count="2"/>
        <line num="85" type="stmt" count="2"/>
        <line num="86" type="stmt" count="2"/>
        <line num="87" type="stmt" count="2"/>
        <line num="88" type="stmt" count="2"/>
        <line num="89" type="stmt" count="2"/>
        <line num="90" type="stmt" count="2"/>
        <line num="91" type="stmt" count="2"/>
        <line num="94" type="method" name="formatStatus" visibility="protected" complexity="10" crap="10" count="3"/>
        <line num="96" type="stmt" count="3"/>
        <line num="97" type="stmt" count="2"/>
        <line num="98" type="stmt" count="1"/>
        <line num="99" type="stmt" count="1"/>
        <line num="100" type="stmt" count="1"/>
        <line num="101" type="stmt" count="1"/>
        <line num="102" type="stmt" count="1"/>
        <line num="103" type="stmt" count="2"/>
        <line num="104" type="stmt" count="1"/>
        <line num="105" type="stmt" count="3"/>
        <line num="106" type="stmt" count="3"/>
        <line num="109" type="method" name="styles" visibility="public" complexity="1" crap="1" count="2"/>
        <line num="111" type="stmt" count="2"/>
        <line num="112" type="stmt" count="2"/>
        <line num="113" type="stmt" count="2"/>
        <line num="114" type="stmt" count="2"/>
        <line num="115" type="stmt" count="2"/>
        <line num="116" type="stmt" count="2"/>
        <line num="117" type="stmt" count="2"/>
        <line num="118" type="stmt" count="2"/>
        <line num="119" type="stmt" count="2"/>
        <metrics loc="122" ncloc="122" classes="1" methods="6" coveredmethods="6" conditionals="0" coveredconditionals="0" statements="68" coveredstatements="68" elements="74" coveredelements="74"/>
      </file>
      <file name="/Users/teya2023/Downloads/OUAGA_CHAP/api/app/Exports/PaymentsExport.php">
        <class name="App\Exports\PaymentsExport" namespace="App\Exports">
          <metrics complexity="24" methods="7" coveredmethods="6" conditionals="0" coveredconditionals="0" statements="65" coveredstatements="64" elements="72" coveredelements="70"/>
        </class>
        <line num="24" type="method" name="__construct" visibility="public" complexity="1" crap="1" count="13"/>
        <line num="26" type="stmt" count="13"/>
        <line num="27" type="stmt" count="13"/>
        <line num="28" type="stmt" count="13"/>
        <line num="29" type="stmt" count="13"/>
        <line num="32" type="method" name="query" visibility="public" complexity="5" crap="5" count="3"/>
        <line num="34" type="stmt" count="3"/>
        <line num="35" type="stmt" count="3"/>
        <line num="37" type="stmt" count="3"/>
        <line num="38" type="stmt" count="1"/>
        <line num="41" type="stmt" count="3"/>
        <line num="42" type="stmt" count="1"/>
        <line num="45" type="stmt" count="3"/>
        <line num="46" type="stmt" count="2"/>
        <line num="49" type="stmt" count="3"/>
        <line num="50" type="stmt" count="2"/>
        <line num="53" type="stmt" count="3"/>
        <line num="56" type="method" name="headings" visibility="public" complexity="1" crap="1" count="2"/>
        <line num="58" type="stmt" count="2"/>
        <line num="59" type="stmt" count="2"/>
        <line num="60" type="stmt" count="2"/>
        <line num="61" type="stmt" count="2"/>
        <line num="62" type="stmt" count="2"/>
        <line num="63" type="stmt" count="2"/>
        <line num="64" type="stmt" count="2"/>
        <line num="65" type="stmt" count="2"/>
        <line num="66" type="stmt" count="2"/>
        <line num="67" type="stmt" count="2"/>
        <line num="68" type="stmt" count="2"/>
        <line num="69" type="stmt" count="2"/>
        <line num="70" type="stmt" count="2"/>
        <line num="73" type="method" name="map" visibility="public" complexity="3" crap="3" count="2"/>
        <line num="75" type="stmt" count="2"/>
        <line num="76" type="stmt" count="2"/>
        <line num="77" type="stmt" count="2"/>
        <line num="78" type="stmt" count="2"/>
        <line num="79" type="stmt" count="2"/>
        <line num="80" type="stmt" count="2"/>
        <line num="81" type="stmt" count="2"/>
        <line num="82" type="stmt" count="2"/>
        <line num="83" type="stmt" count="2"/>
        <line num="84" type="stmt" count="2"/>
        <line num="85" type="stmt" count="2"/>
        <line num="86" type="stmt" count="2"/>
        <line num="87" type="stmt" count="2"/>
        <line num="90" type="method" name="formatProvider" visibility="protected" complexity="6" crap="6.10" count="3"/>
        <line num="92" type="stmt" count="3"/>
        <line num="93" type="stmt" count="1"/>
        <line num="94" type="stmt" count="1"/>
        <line num="95" type="stmt" count="0"/>
        <line num="96" type="stmt" count="1"/>
        <line num="97" type="stmt" count="3"/>
        <line num="98" type="stmt" count="3"/>
        <line num="101" type="method" name="formatStatus" visibility="protected" complexity="7" crap="7" count="3"/>
        <line num="103" type="stmt" count="3"/>
        <line num="104" type="stmt" count="3"/>
        <line num="105" type="stmt" count="1"/>
        <line num="106" type="stmt" count="1"/>
        <line num="107" type="stmt" count="1"/>
        <line num="108" type="stmt" count="1"/>
        <line num="109" type="stmt" count="3"/>
        <line num="110" type="stmt" count="3"/>
        <line num="113" type="method" name="styles" visibility="public" complexity="1" crap="1" count="2"/>
        <line num="115" type="stmt" count="2"/>
        <line num="116" type="stmt" count="2"/>
        <line num="117" type="stmt" count="2"/>
        <line num="118" type="stmt" count="2"/>
        <line num="119" type="stmt" count="2"/>
        <line num="120" type="stmt" count="2"/>
        <line num="121" type="stmt" count="2"/>
        <line num="122" type="stmt" count="2"/>
        <line num="123" type="stmt" count="2"/>
        <metrics loc="126" ncloc="126" classes="1" methods="7" coveredmethods="6" conditionals="0" coveredconditionals="0" statements="65" coveredstatements="64" elements="72" coveredelements="70"/>
      </file>
      <file name="/Users/teya2023/Downloads/OUAGA_CHAP/api/app/Exports/UsersExport.php">
        <class name="App\Exports\UsersExport" namespace="App\Exports">
          <metrics complexity="8" methods="5" coveredmethods="5" conditionals="0" coveredconditionals="0" statements="39" coveredstatements="39" elements="44" coveredelements="44"/>
        </class>
        <line num="23" type="method" name="__construct" visibility="public" complexity="1" crap="1" count="6"/>
        <line num="25" type="stmt" count="6"/>
        <line num="26" type="stmt" count="6"/>
        <line num="27" type="stmt" count="6"/>
        <line num="30" type="method" name="query" visibility="public" complexity="2" crap="2" count="2"/>
        <line num="32" type="stmt" count="2"/>
        <line num="33" type="stmt" count="2"/>
        <line num="35" type="stmt" count="2"/>
        <line num="36" type="stmt" count="2"/>
        <line num="39" type="stmt" count="2"/>
        <line num="40" type="stmt" count="2"/>
        <line num="42" type="stmt" count="2"/>
        <line num="45" type="method" name="headings" visibility="public" complexity="1" crap="1" count="1"/>
        <line num="47" type="stmt" count="1"/>
        <line num="48" type="stmt" count="1"/>
        <line num="49" type="stmt" count="1"/>
        <line num="50" type="stmt" count="1"/>
        <line num="51" type="stmt" count="1"/>
        <line num="52" type="stmt" count="1"/>
        <line num="53" type="stmt" count="1"/>
        <line num="54" type="stmt" count="1"/>
        <line num="55" type="stmt" count="1"/>
        <line num="56" type="stmt" count="1"/>
        <line num="59" type="method" name="map" visibility="public" complexity="3" crap="3" count="1"/>
        <line num="61" type="stmt" count="1"/>
        <line num="62" type="stmt" count="1"/>
        <line num="63" type="stmt" count="1"/>
        <line num="64" type="stmt" count="1"/>
        <line num="65" type="stmt" count="1"/>
        <line num="66" type="stmt" count="1"/>
        <line num="67" type="stmt" count="1"/>
        <line num="68" type="stmt" count="1"/>
        <line num="69" type="stmt" count="1"/>
        <line num="70" type="stmt" count="1"/>
        <line num="73" type="method" name="styles" visibility="public" complexity="1" crap="1" count="1"/>
        <line num="75" type="stmt" count="1"/>
        <line num="76" type="stmt" count="1"/>
        <line num="77" type="stmt" count="1"/>
        <line num="78" type="stmt" count="1"/>
        <line num="79" type="stmt" count="1"/>
        <line num="80" type="stmt" count="1"/>
        <line num="81" type="stmt" count="1"/>
        <line num="82" type="stmt" count="1"/>
        <line num="83" type="stmt" count="1"/>
        <metrics loc="86" ncloc="86" classes="1" methods="5" coveredmethods="5" conditionals="0" coveredconditionals="0" statements="39" coveredstatements="39" elements="44" coveredelements="44"/>
      </file>
      <file name="/Users/teya2023/Downloads/OUAGA_CHAP/api/app/Exports/WithdrawalsExport.php">
        <class name="App\Exports\WithdrawalsExport" namespace="App\Exports">
          <metrics complexity="14" methods="6" coveredmethods="6" conditionals="0" coveredconditionals="0" statements="56" coveredstatements="56" elements="62" coveredelements="62"/>
        </class>
        <line num="23" type="method" name="__construct" visibility="public" complexity="1" crap="1" count="12"/>
        <line num="25" type="stmt" count="12"/>
        <line num="26" type="stmt" count="12"/>
        <line num="27" type="stmt" count="12"/>
        <line num="30" type="method" name="query" visibility="public" complexity="4" crap="4" count="3"/>
        <line num="32" type="stmt" count="3"/>
        <line num="33" type="stmt" count="3"/>
        <line num="35" type="stmt" count="3"/>
        <line num="36" type="stmt" count="2"/>
        <line num="39" type="stmt" count="3"/>
        <line num="40" type="stmt" count="1"/>
        <line num="43" type="stmt" count="3"/>
        <line num="44" type="stmt" count="1"/>
        <line num="47" type="stmt" count="3"/>
        <line num="50" type="method" name="headings" visibility="public" complexity="1" crap="1" count="2"/>
        <line num="52" type="stmt" count="2"/>
        <line num="53" type="stmt" count="2"/>
        <line num="54" type="stmt" count="2"/>
        <line num="55" type="stmt" count="2"/>
        <line num="56" type="stmt" count="2"/>
        <line num="57" type="stmt" count="2"/>
        <line num="58" type="stmt" count="2"/>
        <line num="59" type="stmt" count="2"/>
        <line num="60" type="stmt" count="2"/>
        <line num="61" type="stmt" count="2"/>
        <line num="62" type="stmt" count="2"/>
        <line num="63" type="stmt" count="2"/>
        <line num="64" type="stmt" count="2"/>
        <line num="65" type="stmt" count="2"/>
        <line num="68" type="method" name="map" visibility="public" complexity="1" crap="1" count="2"/>
        <line num="70" type="stmt" count="2"/>
        <line num="71" type="stmt" count="2"/>
        <line num="72" type="stmt" count="2"/>
        <line num="73" type="stmt" count="2"/>
        <line num="74" type="stmt" count="2"/>
        <line num="75" type="stmt" count="2"/>
        <line num="76" type="stmt" count="2"/>
        <line num="77" type="stmt" count="2"/>
        <line num="78" type="stmt" count="2"/>
        <line num="79" type="stmt" count="2"/>
        <line num="80" type="stmt" count="2"/>
        <line num="81" type="stmt" count="2"/>
        <line num="82" type="stmt" count="2"/>
        <line num="83" type="stmt" count="2"/>
        <line num="86" type="method" name="formatStatus" visibility="protected" complexity="6" crap="6" count="3"/>
        <line num="88" type="stmt" count="3"/>
        <line num="89" type="stmt" count="3"/>
        <line num="90" type="stmt" count="1"/>
        <line num="91" type="stmt" count="1"/>
        <line num="92" type="stmt" count="1"/>
        <line num="93" type="stmt" count="3"/>
        <line num="94" type="stmt" count="3"/>
        <line num="97" type="method" name="styles" visibility="public" complexity="1" crap="1" count="2"/>
        <line num="99" type="stmt" count="2"/>
        <line num="100" type="stmt" count="2"/>
        <line num="101" type="stmt" count="2"/>
        <line num="102" type="stmt" count="2"/>
        <line num="103" type="stmt" count="2"/>
        <line num="104" type="stmt" count="2"/>
        <line num="105" type="stmt" count="2"/>
        <line num="106" type="stmt" count="2"/>
        <line num="107" type="stmt" count="2"/>
        <metrics loc="110" ncloc="110" classes="1" methods="6" coveredmethods="6" conditionals="0" coveredconditionals="0" statements="56" coveredstatements="56" elements="62" coveredelements="62"/>
      </file>
    </package>
    <package name="App\Http\Controllers\Api">
      <file name="/Users/teya2023/Downloads/OUAGA_CHAP/api/app/Http/Controllers/Api/SavedAddressController.php">
        <class name="App\Http\Controllers\Api\SavedAddressController" namespace="App\Http\Controllers\Api">
          <metrics complexity="20" methods="6" coveredmethods="0" conditionals="0" coveredconditionals="0" statements="66" coveredstatements="0" elements="72" coveredelements="0"/>
        </class>
        <line num="20" type="method" name="index" visibility="public" complexity="1" crap="2" count="0"/>
        <line num="22" type="stmt" count="0"/>
        <line num="23" type="stmt" count="0"/>
        <line num="24" type="stmt" count="0"/>
        <line num="25" type="stmt" count="0"/>
        <line num="27" type="stmt" count="0"/>
        <line num="36" type="method" name="store" visibility="public" complexity="5" crap="30" count="0"/>
        <line num="38" type="stmt" count="0"/>
        <line num="39" type="stmt" count="0"/>
        <line num="42" type="stmt" count="0"/>
        <line num="43" type="stmt" count="0"/>
        <line num="44" type="stmt" count="0"/>
        <line num="48" type="stmt" count="0"/>
        <line num="49" type="stmt" count="0"/>
        <line num="50" type="stmt" count="0"/>
        <line num="52" type="stmt" count="0"/>
        <line num="53" type="stmt" count="0"/>
        <line num="56" type="stmt" count="0"/>
        <line num="57" type="stmt" count="0"/>
        <line num="58" type="stmt" count="0"/>
        <line num="59" type="stmt" count="0"/>
        <line num="60" type="stmt" count="0"/>
        <line num="61" type="stmt" count="0"/>
        <line num="64" type="stmt" count="0"/>
        <line num="65" type="stmt" count="0"/>
        <line num="69" type="stmt" count="0"/>
        <line num="70" type="stmt" count="0"/>
        <line num="71" type="stmt" count="0"/>
        <line num="74" type="stmt" count="0"/>
        <line num="83" type="method" name="show" visibility="public" complexity="2" crap="6" count="0"/>
        <line num="85" type="stmt" count="0"/>
        <line num="86" type="stmt" count="0"/>
        <line num="88" type="stmt" count="0"/>
        <line num="89" type="stmt" count="0"/>
        <line num="92" type="stmt" count="0"/>
        <line num="101" type="method" name="update" visibility="public" complexity="6" crap="42" count="0"/>
        <line num="103" type="stmt" count="0"/>
        <line num="104" type="stmt" count="0"/>
        <line num="106" type="stmt" count="0"/>
        <line num="107" type="stmt" count="0"/>
        <line num="110" type="stmt" count="0"/>
        <line num="113" type="stmt" count="0"/>
        <line num="114" type="stmt" count="0"/>
        <line num="115" type="stmt" count="0"/>
        <line num="116" type="stmt" count="0"/>
        <line num="117" type="stmt" count="0"/>
        <line num="119" type="stmt" count="0"/>
        <line num="120" type="stmt" count="0"/>
        <line num="124" type="stmt" count="0"/>
        <line num="127" type="stmt" count="0"/>
        <line num="128" type="stmt" count="0"/>
        <line num="131" type="stmt" count="0"/>
        <line num="140" type="method" name="destroy" visibility="public" complexity="4" crap="20" count="0"/>
        <line num="142" type="stmt" count="0"/>
        <line num="143" type="stmt" count="0"/>
        <line num="145" type="stmt" count="0"/>
        <line num="146" type="stmt" count="0"/>
        <line num="149" type="stmt" count="0"/>
        <line num="150" type="stmt" count="0"/>
        <line num="153" type="stmt" count="0"/>
        <line num="154" type="stmt" count="0"/>
        <line num="155" type="stmt" count="0"/>
        <line num="157" type="stmt" count="0"/>
        <line num="158" type="stmt" count="0"/>
        <line num="162" type="stmt" count="0"/>
        <line num="171" type="method" name="setDefault" visibility="public" complexity="2" crap="6" count="0"/>
        <line num="173" type="stmt" count="0"/>
        <line num="174" type="stmt" count="0"/>
        <line num="176" type="stmt" count="0"/>
        <line num="177" type="stmt" count="0"/>
        <line num="180" type="stmt" count="0"/>
        <line num="182" type="stmt" count="0"/>
        <metrics loc="185" ncloc="142" classes="1" methods="6" coveredmethods="0" conditionals="0" coveredconditionals="0" statements="66" coveredstatements="0" elements="72" coveredelements="0"/>
      </file>
    </package>
    <package name="App\Http\Controllers\Api\V1">
      <file name="/Users/teya2023/Downloads/OUAGA_CHAP/api/app/Http/Controllers/Api/V1/ActivityLogController.php">
        <class name="App\Http\Controllers\Api\V1\ActivityLogController" namespace="App\Http\Controllers\Api\V1">
          <metrics complexity="13" methods="6" coveredmethods="0" conditionals="0" coveredconditionals="0" statements="96" coveredstatements="0" elements="102" coveredelements="0"/>
        </class>
        <line num="14" type="method" name="index" visibility="public" complexity="7" crap="56" count="0"/>
        <line num="16" type="stmt" count="0"/>
        <line num="17" type="stmt" count="0"/>
        <line num="20" type="stmt" count="0"/>
        <line num="21" type="stmt" count="0"/>
        <line num="24" type="stmt" count="0"/>
        <line num="25" type="stmt" count="0"/>
        <line num="28" type="stmt" count="0"/>
        <line num="29" type="stmt" count="0"/>
        <line num="32" type="stmt" count="0"/>
        <line num="33" type="stmt" count="0"/>
        <line num="36" type="stmt" count="0"/>
        <line num="37" type="stmt" count="0"/>
        <line num="40" type="stmt" count="0"/>
        <line num="41" type="stmt" count="0"/>
        <line num="42" type="stmt" count="0"/>
        <line num="43" type="stmt" count="0"/>
        <line num="44" type="stmt" count="0"/>
        <line num="45" type="stmt" count="0"/>
        <line num="48" type="stmt" count="0"/>
        <line num="50" type="stmt" count="0"/>
        <line num="56" type="method" name="show" visibility="public" complexity="1" crap="2" count="0"/>
        <line num="58" type="stmt" count="0"/>
        <line num="60" type="stmt" count="0"/>
        <line num="66" type="method" name="stats" visibility="public" complexity="1" crap="2" count="0"/>
        <line num="68" type="stmt" count="0"/>
        <line num="69" type="stmt" count="0"/>
        <line num="71" type="stmt" count="0"/>
        <line num="72" type="stmt" count="0"/>
        <line num="73" type="stmt" count="0"/>
        <line num="74" type="stmt" count="0"/>
        <line num="75" type="stmt" count="0"/>
        <line num="76" type="stmt" count="0"/>
        <line num="77" type="stmt" count="0"/>
        <line num="78" type="stmt" count="0"/>
        <line num="79" type="stmt" count="0"/>
        <line num="80" type="stmt" count="0"/>
        <line num="81" type="stmt" count="0"/>
        <line num="82" type="stmt" count="0"/>
        <line num="83" type="stmt" count="0"/>
        <line num="84" type="stmt" count="0"/>
        <line num="85" type="stmt" count="0"/>
        <line num="86" type="stmt" count="0"/>
        <line num="87" type="stmt" count="0"/>
        <line num="88" type="stmt" count="0"/>
        <line num="89" type="stmt" count="0"/>
[...]
        <line num="64" type="method" name="cancelActiveSubscription" visibility="public" complexity="2" crap="6" count="0"/>
        <line num="66" type="stmt" count="0"/>
        <line num="68" type="stmt" count="0"/>
        <line num="69" type="stmt" count="0"/>
        <line num="72" type="stmt" count="0"/>
        <line num="74" type="stmt" count="0"/>
        <metrics loc="77" ncloc="58" classes="1" methods="4" coveredmethods="0" conditionals="0" coveredconditionals="0" statements="23" coveredstatements="0" elements="27" coveredelements="0"/>
      </file>
      <file name="/Users/teya2023/Downloads/OUAGA_CHAP/api/app/Services/TrafficAnalysisService.php">
        <class name="App\Services\TrafficAnalysisService" namespace="App\Services">
          <metrics complexity="13" methods="3" coveredmethods="0" conditionals="0" coveredconditionals="0" statements="46" coveredstatements="0" elements="49" coveredelements="0"/>
        </class>
        <line num="39" type="method" name="getTrafficImpactScore" visibility="public" complexity="7" crap="56" count="0"/>
        <line num="41" type="stmt" count="0"/>
        <line num="43" type="stmt" count="0"/>
        <line num="44" type="stmt" count="0"/>
        <line num="47" type="stmt" count="0"/>
        <line num="49" type="stmt" count="0"/>
        <line num="50" type="stmt" count="0"/>
        <line num="51" type="stmt" count="0"/>
        <line num="54" type="stmt" count="0"/>
        <line num="55" type="stmt" count="0"/>
        <line num="56" type="stmt" count="0"/>
        <line num="57" type="stmt" count="0"/>
        <line num="58" type="stmt" count="0"/>
        <line num="60" type="stmt" count="0"/>
        <line num="61" type="stmt" count="0"/>
        <line num="64" type="stmt" count="0"/>
        <line num="65" type="stmt" count="0"/>
        <line num="68" type="stmt" count="0"/>
        <line num="69" type="stmt" count="0"/>
        <line num="72" type="stmt" count="0"/>
        <line num="73" type="stmt" count="0"/>
        <line num="76" type="stmt" count="0"/>
        <line num="79" type="stmt" count="0"/>
        <line num="88" type="method" name="getNearbyIncidents" visibility="public" complexity="5" crap="30" count="0"/>
        <line num="90" type="stmt" count="0"/>
        <line num="91" type="stmt" count="0"/>
        <line num="93" type="stmt" count="0"/>
        <line num="94" type="stmt" count="0"/>
        <line num="95" type="stmt" count="0"/>
        <line num="98" type="stmt" count="0"/>
        <line num="99" type="stmt" count="0"/>
        <line num="100" type="stmt" count="0"/>
        <line num="101" type="stmt" count="0"/>
        <line num="102" type="stmt" count="0"/>
        <line num="104" type="stmt" count="0"/>
        <line num="105" type="stmt" count="0"/>
        <line num="106" type="stmt" count="0"/>
        <line num="107" type="stmt" count="0"/>
        <line num="108" type="stmt" count="0"/>
        <line num="112" type="stmt" count="0"/>
        <line num="114" type="stmt" count="0"/>
        <line num="123" type="method" name="isRouteSeverelyImpacted" visibility="public" complexity="1" crap="2" count="0"/>
        <line num="129" type="stmt" count="0"/>
        <line num="130" type="stmt" count="0"/>
        <line num="132" type="stmt" count="0"/>
        <line num="133" type="stmt" count="0"/>
        <line num="134" type="stmt" count="0"/>
        <line num="136" type="stmt" count="0"/>
        <line num="138" type="stmt" count="0"/>
        <metrics loc="141" ncloc="106" classes="1" methods="3" coveredmethods="0" conditionals="0" coveredconditionals="0" statements="46" coveredstatements="0" elements="49" coveredelements="0"/>
      </file>
      <file name="/Users/teya2023/Downloads/OUAGA_CHAP/api/app/Services/WalletService.php">
        <class name="App\Services\WalletService" namespace="App\Services">
          <metrics complexity="14" methods="8" coveredmethods="2" conditionals="0" coveredconditionals="0" statements="63" coveredstatements="13" elements="71" coveredelements="15"/>
        </class>
        <line num="16" type="method" name="getOrCreateWallet" visibility="public" complexity="1" crap="1" count="4"/>
        <line num="18" type="stmt" count="4"/>
        <line num="19" type="stmt" count="4"/>
        <line num="20" type="stmt" count="4"/>
        <line num="21" type="stmt" count="4"/>
        <line num="22" type="stmt" count="4"/>
        <line num="23" type="stmt" count="4"/>
        <line num="24" type="stmt" count="4"/>
        <line num="25" type="stmt" count="4"/>
        <line num="26" type="stmt" count="4"/>
        <line num="32" type="method" name="creditCourierForDelivery" visibility="public" complexity="1" crap="1" count="4"/>
        <line num="34" type="stmt" count="4"/>
        <line num="35" type="stmt" count="4"/>
        <line num="38" type="stmt" count="4"/>
        <line num="40" type="stmt" count="4"/>
        <line num="46" type="method" name="requestWithdrawal" visibility="public" complexity="3" crap="12" count="0"/>
        <line num="52" type="stmt" count="0"/>
        <line num="54" type="stmt" count="0"/>
        <line num="55" type="stmt" count="0"/>
        <line num="58" type="stmt" count="0"/>
        <line num="59" type="stmt" count="0"/>
        <line num="60" type="stmt" count="0"/>
        <line num="61" type="stmt" count="0"/>
        <line num="62" type="stmt" count="0"/>
        <line num="65" type="stmt" count="0"/>
        <line num="67" type="stmt" count="0"/>
        <line num="70" type="stmt" count="0"/>
        <line num="73" type="stmt" count="0"/>
        <line num="74" type="stmt" count="0"/>
        <line num="75" type="stmt" count="0"/>
        <line num="76" type="stmt" count="0"/>
        <line num="77" type="stmt" count="0"/>
        <line num="78" type="stmt" count="0"/>
        <line num="79" type="stmt" count="0"/>
        <line num="80" type="stmt" count="0"/>
        <line num="81" type="stmt" count="0"/>
        <line num="82" type="stmt" count="0"/>
        <line num="83" type="stmt" count="0"/>
        <line num="84" type="stmt" count="0"/>
        <line num="90" type="method" name="approveWithdrawal" visibility="public" complexity="2" crap="6" count="0"/>
        <line num="92" type="stmt" count="0"/>
        <line num="93" type="stmt" count="0"/>
        <line num="96" type="stmt" count="0"/>
        <line num="102" type="method" name="rejectWithdrawal" visibility="public" complexity="2" crap="6" count="0"/>
        <line num="104" type="stmt" count="0"/>
        <line num="105" type="stmt" count="0"/>
        <line num="108" type="stmt" count="0"/>
        <line num="114" type="method" name="completeWithdrawal" visibility="public" complexity="2" crap="6" count="0"/>
        <line num="116" type="stmt" count="0"/>
        <line num="117" type="stmt" count="0"/>
        <line num="120" type="stmt" count="0"/>
        <line num="126" type="method" name="getWithdrawalHistory" visibility="public" complexity="2" crap="6" count="0"/>
        <line num="128" type="stmt" count="0"/>
        <line num="129" type="stmt" count="0"/>
        <line num="131" type="stmt" count="0"/>
        <line num="132" type="stmt" count="0"/>
        <line num="135" type="stmt" count="0"/>
        <line num="141" type="method" name="getWalletStats" visibility="public" complexity="1" crap="2" count="0"/>
        <line num="143" type="stmt" count="0"/>
        <line num="145" type="stmt" count="0"/>
        <line num="146" type="stmt" count="0"/>
        <line num="147" type="stmt" count="0"/>
        <line num="149" type="stmt" count="0"/>
        <line num="150" type="stmt" count="0"/>
        <line num="151" type="stmt" count="0"/>
        <line num="152" type="stmt" count="0"/>
        <line num="153" type="stmt" count="0"/>
        <line num="154" type="stmt" count="0"/>
        <line num="155" type="stmt" count="0"/>
        <line num="156" type="stmt" count="0"/>
        <line num="157" type="stmt" count="0"/>
        <metrics loc="160" ncloc="132" classes="1" methods="8" coveredmethods="2" conditionals="0" coveredconditionals="0" statements="63" coveredstatements="13" elements="71" coveredelements="15"/>
      </file>
      <file name="/Users/teya2023/Downloads/OUAGA_CHAP/api/app/Services/WeatherService.php">
        <class name="App\Services\WeatherService" namespace="App\Services">
          <metrics complexity="49" methods="8" coveredmethods="1" conditionals="0" coveredconditionals="0" statements="90" coveredstatements="1" elements="98" coveredelements="2"/>
        </class>
        <line num="50" type="method" name="__construct" visibility="public" complexity="1" crap="1" count="2"/>
        <line num="52" type="stmt" count="2"/>
        <line num="104" type="method" name="fetchScoreFromApi" visibility="private" complexity="3" crap="12" count="0"/>
        <line num="107" type="stmt" count="0"/>
        <line num="108" type="stmt" count="0"/>
        <line num="109" type="stmt" count="0"/>
        <line num="110" type="stmt" count="0"/>
        <line num="111" type="stmt" count="0"/>
        <line num="112" type="stmt" count="0"/>
        <line num="113" type="stmt" count="0"/>
        <line num="115" type="stmt" count="0"/>
        <line num="116" type="stmt" count="0"/>
        <line num="117" type="stmt" count="0"/>
        <line num="120" type="stmt" count="0"/>
        <line num="122" type="stmt" count="0"/>
        <line num="124" type="stmt" count="0"/>
        <line num="125" type="stmt" count="0"/>
        <line num="126" type="stmt" count="0"/>
        <line num="127" type="stmt" count="0"/>
        <line num="128" type="stmt" count="0"/>
        <line num="132" type="method" name="fetchConditionsFromApi" visibility="private" complexity="4" crap="20" count="0"/>
        <line num="135" type="stmt" count="0"/>
        <line num="136" type="stmt" count="0"/>
        <line num="137" type="stmt" count="0"/>
        <line num="138" type="stmt" count="0"/>
        <line num="139" type="stmt" count="0"/>
        <line num="140" type="stmt" count="0"/>
        <line num="141" type="stmt" count="0"/>
        <line num="143" type="stmt" count="0"/>
        <line num="144" type="stmt" count="0"/>
        <line num="147" type="stmt" count="0"/>
        <line num="148" type="stmt" count="0"/>
        <line num="149" type="stmt" count="0"/>
        <line num="150" type="stmt" count="0"/>
        <line num="151" type="stmt" count="0"/>
        <line num="153" type="stmt" count="0"/>
        <line num="154" type="stmt" count="0"/>
        <line num="155" type="stmt" count="0"/>
        <line num="156" type="stmt" count="0"/>
        <line num="157" type="stmt" count="0"/>
        <line num="158" type="stmt" count="0"/>
        <line num="159" type="stmt" count="0"/>
        <line num="160" type="stmt" count="0"/>
        <line num="161" type="stmt" count="0"/>
        <line num="162" type="stmt" count="0"/>
        <line num="163" type="stmt" count="0"/>
        <line num="165" type="stmt" count="0"/>
        <line num="166" type="stmt" count="0"/>
        <line num="167" type="stmt" count="0"/>
        <line num="171" type="method" name="computeScoreFromData" visibility="private" complexity="4" crap="20" count="0"/>
        <line num="173" type="stmt" count="0"/>
        <line num="174" type="stmt" count="0"/>
        <line num="176" type="stmt" count="0"/>
        <line num="179" type="stmt" count="0"/>
        <line num="180" type="stmt" count="0"/>
        <line num="181" type="stmt" count="0"/>
        <line num="182" type="stmt" count="0"/>
        <line num="186" type="stmt" count="0"/>
        <line num="187" type="stmt" count="0"/>
        <line num="190" type="stmt" count="0"/>
        <line num="193" type="method" name="scoreFromWeatherId" visibility="private" complexity="24" crap="600" count="0"/>
        <line num="196" type="stmt" count="0"/>
        <line num="197" type="stmt" count="0"/>
        <line num="198" type="stmt" count="0"/>
        <line num="199" type="stmt" count="0"/>
        <line num="200" type="stmt" count="0"/>
        <line num="201" type="stmt" count="0"/>
        <line num="202" type="stmt" count="0"/>
        <line num="203" type="stmt" count="0"/>
        <line num="204" type="stmt" count="0"/>
        <line num="205" type="stmt" count="0"/>
        <line num="206" type="stmt" count="0"/>
        <line num="207" type="stmt" count="0"/>
        <line num="208" type="stmt" count="0"/>
        <line num="209" type="stmt" count="0"/>
        <line num="210" type="stmt" count="0"/>
        <line num="214" type="method" name="isRaining" visibility="private" complexity="2" crap="6" count="0"/>
        <line num="216" type="stmt" count="0"/>
        <line num="219" type="method" name="isHarmattan" visibility="private" complexity="6" crap="42" count="0"/>
        <line num="222" type="stmt" count="0"/>
        <line num="223" type="stmt" count="0"/>
        <line num="224" type="stmt" count="0"/>
        <line num="226" type="stmt" count="0"/>
        <line num="227" type="stmt" count="0"/>
        <line num="228" type="stmt" count="0"/>
        <line num="230" type="stmt" count="0"/>
        <line num="233" type="method" name="fallbackConditions" visibility="private" complexity="1" crap="2" count="0"/>
        <line num="235" type="stmt" count="0"/>
        <line num="236" type="stmt" count="0"/>
        <line num="237" type="stmt" count="0"/>
        <line num="238" type="stmt" count="0"/>
        <line num="239" type="stmt" count="0"/>
        <line num="240" type="stmt" count="0"/>
        <line num="241" type="stmt" count="0"/>
        <line num="242" type="stmt" count="0"/>
        <line num="243" type="stmt" count="0"/>
        <line num="244" type="stmt" count="0"/>
        <line num="245" type="stmt" count="0"/>
        <metrics loc="248" ncloc="198" classes="1" methods="8" coveredmethods="1" conditionals="0" coveredconditionals="0" statements="90" coveredstatements="1" elements="98" coveredelements="2"/>
      </file>
    </package>
    <package name="App\Traits">
      <file name="/Users/teya2023/Downloads/OUAGA_CHAP/api/app/Traits/CalculatesDistance.php">
        <class name="App\Traits\CalculatesDistance" namespace="App\Traits">
          <metrics complexity="2" methods="2" coveredmethods="0" conditionals="0" coveredconditionals="0" statements="9" coveredstatements="0" elements="11" coveredelements="0"/>
        </class>
        <line num="21" type="method" name="calculateDistanceKm" visibility="protected" complexity="1" crap="2" count="0"/>
        <line num="23" type="stmt" count="0"/>
        <line num="25" type="stmt" count="0"/>
        <line num="26" type="stmt" count="0"/>
        <line num="28" type="stmt" count="0"/>
        <line num="29" type="stmt" count="0"/>
        <line num="30" type="stmt" count="0"/>
        <line num="32" type="stmt" count="0"/>
        <line num="34" type="stmt" count="0"/>
        <line num="46" type="method" name="calculateDistanceMeters" visibility="protected" complexity="1" crap="2" count="0"/>
        <line num="48" type="stmt" count="0"/>
        <metrics loc="51" ncloc="27" classes="1" methods="2" coveredmethods="0" conditionals="0" coveredconditionals="0" statements="9" coveredstatements="0" elements="11" coveredelements="0"/>
      </file>
      <file name="/Users/teya2023/Downloads/OUAGA_CHAP/api/app/Traits/LogsActivity.php">
        <class name="App\Traits\LogsActivity" namespace="App\Traits">
          <metrics complexity="31" methods="9" coveredmethods="6" conditionals="0" coveredconditionals="0" statements="54" coveredstatements="48" elements="63" coveredelements="54"/>
        </class>
        <line num="73" type="method" name="logActivity" visibility="public" complexity="2" crap="2.02" count="462"/>
        <line num="76" type="stmt" count="462"/>
        <line num="78" type="stmt" count="462"/>
        <line num="79" type="stmt" count="462"/>
        <line num="80" type="stmt" count="462"/>
        <line num="81" type="stmt" count="462"/>
        <line num="82" type="stmt" count="462"/>
        <line num="83" type="stmt" count="462"/>
        <line num="84" type="stmt" count="462"/>
        <line num="85" type="stmt" count="462"/>
        <line num="86" type="stmt" count="462"/>
        <line num="87" type="stmt" count="462"/>
        <line num="88" type="stmt" count="462"/>
        <line num="89" type="stmt" count="462"/>
        <line num="90" type="stmt" count="462"/>
        <line num="91" type="stmt" count="0"/>
        <line num="92" type="stmt" count="0"/>
        <line num="93" type="stmt" count="0"/>
        <line num="100" type="method" name="logCustomActivity" visibility="public" complexity="2" crap="2" count="1"/>
        <line num="103" type="stmt" count="1"/>
        <line num="105" type="stmt" count="1"/>
        <line num="106" type="stmt" count="1"/>
        <line num="107" type="stmt" count="1"/>
        <line num="108" type="stmt" count="1"/>
        <line num="109" type="stmt" count="1"/>
        <line num="110" type="stmt" count="1"/>
        <line num="111" type="stmt" count="1"/>
        <line num="112" type="stmt" count="1"/>
        <line num="113" type="stmt" count="1"/>
        <line num="114" type="stmt" count="1"/>
        <line num="115" type="stmt" count="1"/>
        <line num="139" type="method" name="shouldLogActivity" visibility="protected" complexity="2" crap="2" count="462"/>
        <line num="142" type="stmt" count="462"/>
        <line num="144" type="stmt" count="462"/>
        <line num="145" type="stmt" count="462"/>
        <line num="148" type="stmt" count="223"/>
        <line num="155" type="method" name="getLoggedActivityTypes" visibility="protected" complexity="2" crap="2" count="462"/>
        <line num="157" type="stmt" count="462"/>
        <line num="158" type="stmt" count="223"/>
        <line num="159" type="stmt" count="462"/>
        <line num="166" type="method" name="getExcludedLogFields" visibility="protected" complexity="2" crap="2" count="43"/>
        <line num="168" type="stmt" count="43"/>
        <line num="170" type="stmt" count="43"/>
        <line num="171" type="stmt" count="43"/>
        <line num="174" type="stmt" count="43"/>
        <line num="180" type="method" name="getActivityDescription" visibility="protected" complexity="5" crap="5.05" count="462"/>
        <line num="182" type="stmt" count="462"/>
        <line num="183" type="stmt" count="462"/>
        <line num="185" type="stmt" count="462"/>
        <line num="186" type="stmt" count="462"/>
        <line num="187" type="stmt" count="42"/>
        <line num="188" type="stmt" count="0"/>
        <line num="189" type="stmt" count="462"/>
        <line num="190" type="stmt" count="462"/>
        <line num="196" type="method" name="getActivityIdentifier" visibility="protected" complexity="4" crap="6.00" count="462"/>
        <line num="204" type="stmt" count="462"/>
        <line num="205" type="stmt" count="462"/>
        <line num="207" type="stmt" count="0"/>
        <line num="208" type="stmt" count="0"/>
        <line num="218" type="method" name="getActivityMetadata" visibility="protected" complexity="1" crap="1" count="462"/>
        <line num="220" type="stmt" count="462"/>
        <line num="226" type="method" name="activityLogs" visibility="public" complexity="1" crap="1" count="1"/>
        <line num="228" type="stmt" count="1"/>
        <metrics loc="231" ncloc="172" classes="1" methods="9" coveredmethods="6" conditionals="0" coveredconditionals="0" statements="54" coveredstatements="48" elements="63" coveredelements="54"/>
      </file>
    </package>
    <metrics files="178" loc="22980" ncloc="19486" classes="176" methods="1067" coveredmethods="460" conditionals="0" coveredconditionals="0" statements="9058" coveredstatements="2273" elements="10125" coveredelements="2733"/>
  </project>
</coverage>
